#
# A fatal error has been detected by the Java Runtime Environment:
#
#  Internal Error (javaClasses.cpp:139), pid=7476, tid=140683553392384
#  fatal error: Invalid layout of preloaded class
#
# JRE version:  (7.0_65-b32) (build )
# Java VM: OpenJDK 64-Bit Server VM (24.65-b04 mixed mode linux-amd64 compressed oops)
# Failed to write core dump. Core dumps have been disabled. To enable core dumping, try "ulimit -c unlimited" before starting Java again
#
# If you would like to submit a bug report, please include
# instructions on how to reproduce the bug and visit:
#   http://icedtea.classpath.org/bugzilla
#

---------------  T H R E A D  ---------------

Current thread (0x00007ff368008000):  JavaThread "Unknown thread" [_thread_in_vm, id=7481, stack(0x00007ff37129c000,0x00007ff37139d000)]

Stack: [0x00007ff37129c000,0x00007ff37139d000],  sp=0x00007ff37139b900,  free space=1022k
Native frames: (J=compiled Java code, j=interpreted, Vv=VM code, C=native code)
V  [libjvm.so+0x948745]  VMError::report_and_die()+0x175
V  [libjvm.so+0x48b874]  report_fatal(char const*, int, char const*)+0x54
V  [libjvm.so+0x5e89b0]  compute_offset(int&, klassOopDesc*, Symbol*, Symbol*, bool) [clone .constprop.121]+0xc0
V  [libjvm.so+0x5e8a86]  java_lang_String::compute_offsets()+0x36
V  [libjvm.so+0x8ce2ac]  SystemDictionary::initialize_preloaded_classes(Thread*)+0xcc
V  [libjvm.so+0x919b98]  Universe::genesis(Thread*)+0x468
V  [libjvm.so+0x91a1a4]  universe2_init()+0x24
V  [libjvm.so+0x59cf6a]  init_globals()+0x9a
V  [libjvm.so+0x8fcf7f]  Threads::create_vm(JavaVMInitArgs*, bool*)+0x35f
V  [libjvm.so+0x608284]  JNI_CreateJavaVM+0x54
C  [libjli.so+0x2b48]


---------------  P R O C E S S  ---------------

Java Threads: ( => current thread )

Other Threads:

=>0x00007ff368008000 (exited) JavaThread "Unknown thread" [_thread_in_vm, id=7481, stack(0x00007ff37129c000,0x00007ff37139d000)]

VM state:not at safepoint (not fully initialized)

VM Mutex/Monitor currently owned by a thread: None

GC Heap History (0 events):
No events

Deoptimization events (0 events):
No events

Internal exceptions (0 events):
No events

Events (10 events):
Event: 0.009 loading class 0x00007ff36de586f0 done
Event: 0.010 loading class 0x00007ff36de58110 done
Event: 0.010 loading class 0x00007ff36de580f0
Event: 0.010 loading class 0x00007ff36de60180
Event: 0.010 loading class 0x00007ff36de60180 done
Event: 0.010 loading class 0x00007ff36de601b0
Event: 0.010 loading class 0x00007ff36de601b0 done
Event: 0.010 loading class 0x00007ff36de601e0
Event: 0.010 loading class 0x00007ff36de601e0 done
Event: 0.010 loading class 0x00007ff36de580f0 done


Dynamic libraries:
00400000-00401000 r-xp 00000000 08:02 1718309                            /usr/lib/jvm/java-7-openjdk-amd64/jre/bin/java
00600000-00601000 r--p 00000000 08:02 1718309                            /usr/lib/jvm/java-7-openjdk-amd64/jre/bin/java
00601000-00602000 rw-p 00001000 08:02 1718309                            /usr/lib/jvm/java-7-openjdk-amd64/jre/bin/java
0183f000-01860000 rw-p 00000000 00:00 0                                  [heap]
b9600000-bab00000 rw-p 00000000 00:00 0 
bab00000-c3c00000 rw-p 00000000 00:00 0 
c3c00000-c6400000 rw-p 00000000 00:00 0 
c6400000-ebe80000 rw-p 00000000 00:00 0 
ebe80000-ed300000 rw-p 00000000 00:00 0 
ed300000-100000000 rw-p 00000000 00:00 0 
7ff354000000-7ff354021000 rw-p 00000000 00:00 0 
7ff354021000-7ff358000000 ---p 00000000 00:00 0 
7ff35c000000-7ff35c021000 rw-p 00000000 00:00 0 
7ff35c021000-7ff360000000 ---p 00000000 00:00 0 
7ff362cb0000-7ff365000000 rw-p 00000000 00:00 0 
7ff365000000-7ff365270000 rwxp 00000000 00:00 0 
7ff365270000-7ff368050000 rw-p 00000000 00:00 0 
7ff368050000-7ff36c000000 ---p 00000000 00:00 0 
7ff36daaa000-7ff36dd0b000 rw-p 00000000 00:00 0 
7ff36dd0b000-7ff36dde2000 r--s 013fe000 08:02 73684252                   /usr/local/bin/adt-bundle-linux-x86-20140321/sdk/platforms/android-19/android.jar
7ff36dde2000-7ff36e0e8000 rw-p 00000000 00:00 0 
7ff36e0e8000-7ff36e0e9000 ---p 00000000 00:00 0 
7ff36e0e9000-7ff36e1e9000 rw-p 00000000 00:00 0                          [stack:7483]
7ff36e1e9000-7ff36e1ea000 ---p 00000000 00:00 0 
7ff36e1ea000-7ff36e2fe000 rw-p 00000000 00:00 0                          [stack:7482]
7ff36e2fe000-7ff36e42c000 rw-p 00000000 00:00 0 
7ff36e42c000-7ff36e437000 rw-p 00000000 00:00 0 
7ff36e437000-7ff36e47f000 rw-p 00000000 00:00 0 
7ff36e47f000-7ff36e493000 rw-p 00000000 00:00 0 
7ff36e493000-7ff36e5c0000 rw-p 00000000 00:00 0 
7ff36e5c0000-7ff36e5cb000 rw-p 00000000 00:00 0 
7ff36e5cb000-7ff36e661000 rw-p 00000000 00:00 0 
7ff36e661000-7ff36e66c000 rw-p 00000000 00:00 0 
7ff36e66c000-7ff36e722000 rw-p 00000000 00:00 0 
7ff36e722000-7ff36e72a000 r-xp 00000000 08:02 102454981                  /usr/lib/jvm/java-7-openjdk-amd64/jre/lib/amd64/libzip.so
7ff36e72a000-7ff36e929000 ---p 00008000 08:02 102454981                  /usr/lib/jvm/java-7-openjdk-amd64/jre/lib/amd64/libzip.so
7ff36e929000-7ff36e92a000 r--p 00007000 08:02 102454981                  /usr/lib/jvm/java-7-openjdk-amd64/jre/lib/amd64/libzip.so
7ff36e92a000-7ff36e92b000 rw-p 00008000 08:02 102454981                  /usr/lib/jvm/java-7-openjdk-amd64/jre/lib/amd64/libzip.so
7ff36e92b000-7ff36e956000 r-xp 00000000 08:02 102454959                  /usr/lib/jvm/java-7-openjdk-amd64/jre/lib/amd64/libjava.so
7ff36e956000-7ff36eb56000 ---p 0002b000 08:02 102454959                  /usr/lib/jvm/java-7-openjdk-amd64/jre/lib/amd64/libjava.so
7ff36eb56000-7ff36eb57000 r--p 0002b000 08:02 102454959                  /usr/lib/jvm/java-7-openjdk-amd64/jre/lib/amd64/libjava.so
7ff36eb57000-7ff36eb59000 rw-p 0002c000 08:02 102454959                  /usr/lib/jvm/java-7-openjdk-amd64/jre/lib/amd64/libjava.so
7ff36eb59000-7ff36eb69000 r-xp 00000000 08:02 102454980                  /usr/lib/jvm/java-7-openjdk-amd64/jre/lib/amd64/libverify.so
7ff36eb69000-7ff36ed68000 ---p 00010000 08:02 102454980                  /usr/lib/jvm/java-7-openjdk-amd64/jre/lib/amd64/libverify.so
7ff36ed68000-7ff36ed6a000 r--p 0000f000 08:02 102454980                  /usr/lib/jvm/java-7-openjdk-amd64/jre/lib/amd64/libverify.so
7ff36ed6a000-7ff36ed6b000 rw-p 00011000 08:02 102454980                  /usr/lib/jvm/java-7-openjdk-amd64/jre/lib/amd64/libverify.so
7ff36ed6b000-7ff36ed72000 r-xp 00000000 08:02 33701673                   /lib/x86_64-linux-gnu/librt-2.19.so
7ff36ed72000-7ff36ef71000 ---p 00007000 08:02 33701673                   /lib/x86_64-linux-gnu/librt-2.19.so
7ff36ef71000-7ff36ef72000 r--p 00006000 08:02 33701673                   /lib/x86_64-linux-gnu/librt-2.19.so
7ff36ef72000-7ff36ef73000 rw-p 00007000 08:02 33701673                   /lib/x86_64-linux-gnu/librt-2.19.so
7ff36ef73000-7ff36ef89000 r-xp 00000000 08:02 33701583                   /lib/x86_64-linux-gnu/libgcc_s.so.1
7ff36ef89000-7ff36f188000 ---p 00016000 08:02 33701583                   /lib/x86_64-linux-gnu/libgcc_s.so.1
7ff36f188000-7ff36f189000 rw-p 00015000 08:02 33701583                   /lib/x86_64-linux-gnu/libgcc_s.so.1
7ff36f189000-7ff36f28e000 r-xp 00000000 08:02 33701596                   /lib/x86_64-linux-gnu/libm-2.19.so
7ff36f28e000-7ff36f48d000 ---p 00105000 08:02 33701596                   /lib/x86_64-linux-gnu/libm-2.19.so
7ff36f48d000-7ff36f48e000 r--p 00104000 08:02 33701596                   /lib/x86_64-linux-gnu/libm-2.19.so
7ff36f48e000-7ff36f48f000 rw-p 00105000 08:02 33701596                   /lib/x86_64-linux-gnu/libm-2.19.so
7ff36f48f000-7ff36f575000 r-xp 00000000 08:02 38185801                   /usr/lib/x86_64-linux-gnu/libstdc++.so.6.0.19
7ff36f575000-7ff36f774000 ---p 000e6000 08:02 38185801                   /usr/lib/x86_64-linux-gnu/libstdc++.so.6.0.19
7ff36f774000-7ff36f77c000 r--p 000e5000 08:02 38185801                   /usr/lib/x86_64-linux-gnu/libstdc++.so.6.0.19
7ff36f77c000-7ff36f77e000 rw-p 000ed000 08:02 38185801                   /usr/lib/x86_64-linux-gnu/libstdc++.so.6.0.19
7ff36f77e000-7ff36f793000 rw-p 00000000 00:00 0 
7ff36f793000-7ff3702a9000 r-xp 00000000 08:02 1718321                    /usr/lib/jvm/java-7-openjdk-amd64/jre/lib/amd64/server/libjvm.so
7ff3702a9000-7ff3704a8000 ---p 00b16000 08:02 1718321                    /usr/lib/jvm/java-7-openjdk-amd64/jre/lib/amd64/server/libjvm.so
7ff3704a8000-7ff370542000 r--p 00b15000 08:02 1718321                    /usr/lib/jvm/java-7-openjdk-amd64/jre/lib/amd64/server/libjvm.so
7ff370542000-7ff370565000 rw-p 00baf000 08:02 1718321                    /usr/lib/jvm/java-7-openjdk-amd64/jre/lib/amd64/server/libjvm.so
7ff370565000-7ff370593000 rw-p 00000000 00:00 0 
7ff370593000-7ff3705ab000 r-xp 00000000 08:02 33701692                   /lib/x86_64-linux-gnu/libz.so.1.2.8
7ff3705ab000-7ff3707aa000 ---p 00018000 08:02 33701692                   /lib/x86_64-linux-gnu/libz.so.1.2.8
7ff3707aa000-7ff3707ab000 r--p 00017000 08:02 33701692                   /lib/x86_64-linux-gnu/libz.so.1.2.8
7ff3707ab000-7ff3707ac000 rw-p 00018000 08:02 33701692                   /lib/x86_64-linux-gnu/libz.so.1.2.8
7ff3707ac000-7ff3707c5000 r-xp 00000000 08:02 33701669                   /lib/x86_64-linux-gnu/libpthread-2.19.so
7ff3707c5000-7ff3709c4000 ---p 00019000 08:02 33701669                   /lib/x86_64-linux-gnu/libpthread-2.19.so
7ff3709c4000-7ff3709c5000 r--p 00018000 08:02 33701669                   /lib/x86_64-linux-gnu/libpthread-2.19.so
7ff3709c5000-7ff3709c6000 rw-p 00019000 08:02 33701669                   /lib/x86_64-linux-gnu/libpthread-2.19.so
7ff3709c6000-7ff3709ca000 rw-p 00000000 00:00 0 
7ff3709ca000-7ff3709cd000 r-xp 00000000 08:02 33701578                   /lib/x86_64-linux-gnu/libdl-2.19.so
7ff3709cd000-7ff370bcc000 ---p 00003000 08:02 33701578                   /lib/x86_64-linux-gnu/libdl-2.19.so
7ff370bcc000-7ff370bcd000 r--p 00002000 08:02 33701578                   /lib/x86_64-linux-gnu/libdl-2.19.so
7ff370bcd000-7ff370bce000 rw-p 00003000 08:02 33701578                   /lib/x86_64-linux-gnu/libdl-2.19.so
7ff370bce000-7ff370d8a000 r-xp 00000000 08:02 33701569                   /lib/x86_64-linux-gnu/libc-2.19.so
7ff370d8a000-7ff370f89000 ---p 001bc000 08:02 33701569                   /lib/x86_64-linux-gnu/libc-2.19.so
7ff370f89000-7ff370f8d000 r--p 001bb000 08:02 33701569                   /lib/x86_64-linux-gnu/libc-2.19.so
7ff370f8d000-7ff370f8f000 rw-p 001bf000 08:02 33701569                   /lib/x86_64-linux-gnu/libc-2.19.so
7ff370f8f000-7ff370f94000 rw-p 00000000 00:00 0 
7ff370f94000-7ff370fa1000 r-xp 00000000 08:02 102454982                  /usr/lib/jvm/java-7-openjdk-amd64/jre/lib/amd64/jli/libjli.so
7ff370fa1000-7ff3711a0000 ---p 0000d000 08:02 102454982                  /usr/lib/jvm/java-7-openjdk-amd64/jre/lib/amd64/jli/libjli.so
7ff3711a0000-7ff3711a1000 r--p 0000c000 08:02 102454982                  /usr/lib/jvm/java-7-openjdk-amd64/jre/lib/amd64/jli/libjli.so
7ff3711a1000-7ff3711a2000 rw-p 0000d000 08:02 102454982                  /usr/lib/jvm/java-7-openjdk-amd64/jre/lib/amd64/jli/libjli.so
7ff3711a2000-7ff3711c5000 r-xp 00000000 08:02 33700854                   /lib/x86_64-linux-gnu/ld-2.19.so
7ff3711d5000-7ff37121f000 rw-p 00000000 00:00 0 
7ff37121f000-7ff371267000 rw-p 00000000 00:00 0 
7ff371267000-7ff37129c000 r--s 00000000 08:02 67317726                   /var/cache/nscd/passwd
7ff37129c000-7ff37129f000 ---p 00000000 00:00 0 
7ff37129f000-7ff3713a2000 rw-p 00000000 00:00 0                          [stack:7481]
7ff3713b6000-7ff3713b8000 rw-p 00000000 00:00 0 
7ff3713b8000-7ff3713c0000 rw-s 00000000 08:02 67317713                   /tmp/hsperfdata_E134756Z/7476
7ff3713c0000-7ff3713c1000 rw-p 00000000 00:00 0 
7ff3713c1000-7ff3713c2000 r--p 00000000 00:00 0 
7ff3713c2000-7ff3713c4000 rw-p 00000000 00:00 0 
7ff3713c4000-7ff3713c5000 r--p 00022000 08:02 33700854                   /lib/x86_64-linux-gnu/ld-2.19.so
7ff3713c5000-7ff3713c6000 rw-p 00023000 08:02 33700854                   /lib/x86_64-linux-gnu/ld-2.19.so
7ff3713c6000-7ff3713c7000 rw-p 00000000 00:00 0 
7fff0f3d7000-7fff0f3f8000 rw-p 00000000 00:00 0                          [stack]
7fff0f3fe000-7fff0f400000 r-xp 00000000 00:00 0                          [vdso]
ffffffffff600000-ffffffffff601000 r-xp 00000000 00:00 0                  [vsyscall]

VM Arguments:
jvm_args: -Dfile.encoding=UTF-8 -Xbootclasspath:/usr/local/bin/adt-bundle-linux-x86-20140321/sdk/platforms/android-19/android.jar 
java_command: com.hide_n_share.modele.application
Launcher Type: SUN_STANDARD

Environment Variables:
PATH=/usr/local/sbin:/usr/local/bin:/usr/sbin:/usr/bin:/sbin:/bin:/usr/games:/usr/local/games
SHELL=/bin/bash
DISPLAY=:0.0

Signal Handlers:
SIGSEGV: [libjvm.so+0x949220], sa_mask[0]=0x7ffbfeff, sa_flags=0x10000004
SIGBUS: [libjvm.so+0x949220], sa_mask[0]=0x7ffbfeff, sa_flags=0x10000004
SIGFPE: [libjvm.so+0x7c2e80], sa_mask[0]=0x7ffbfeff, sa_flags=0x10000004
SIGPIPE: [libjvm.so+0x7c2e80], sa_mask[0]=0x7ffbfeff, sa_flags=0x10000004
SIGXFSZ: [libjvm.so+0x7c2e80], sa_mask[0]=0x7ffbfeff, sa_flags=0x10000004
SIGILL: [libjvm.so+0x7c2e80], sa_mask[0]=0x7ffbfeff, sa_flags=0x10000004
SIGUSR1: SIG_DFL, sa_mask[0]=0x00000000, sa_flags=0x00000000
SIGUSR2: [libjvm.so+0x7c2d20], sa_mask[0]=0x00000004, sa_flags=0x10000004
SIGHUP: SIG_DFL, sa_mask[0]=0x00000000, sa_flags=0x00000000
SIGINT: SIG_DFL, sa_mask[0]=0x00000000, sa_flags=0x00000000
SIGTERM: SIG_DFL, sa_mask[0]=0x00000000, sa_flags=0x00000000
SIGQUIT: SIG_DFL, sa_mask[0]=0x00000000, sa_flags=0x00000000
SIGTRAP: SIG_DFL, sa_mask[0]=0x00000000, sa_flags=0x00000000


---------------  S Y S T E M  ---------------

OS:Ubuntu 14.04 (trusty)
uname:Linux 3.13.0-34-generic #60-Ubuntu SMP Wed Aug 13 15:45:27 UTC 2014 x86_64
libc:glibc 2.19 NPTL 2.19 
rlimit: STACK 8192k, CORE 0k, NPROC 30622, NOFILE 4096, AS infinity
load average:1.13 0.47 0.36

/proc/meminfo:
MemTotal:        3941220 kB
MemFree:          897824 kB
Buffers:               0 kB
Cached:          1506676 kB
SwapCached:            0 kB
Active:          2059648 kB
Inactive:         724800 kB
Active(anon):    1278804 kB
Inactive(anon):   166400 kB
Active(file):     780844 kB
Inactive(file):   558400 kB
Unevictable:          36 kB
Mlocked:              36 kB
SwapTotal:             0 kB
SwapFree:              0 kB
Dirty:               756 kB
Writeback:             0 kB
AnonPages:       1277852 kB
Mapped:           189056 kB
Shmem:            167432 kB
Slab:             149008 kB
SReclaimable:     118796 kB
SUnreclaim:        30212 kB
KernelStack:        2992 kB
PageTables:        25616 kB
NFS_Unstable:          0 kB
Bounce:                0 kB
WritebackTmp:          0 kB
CommitLimit:     1970608 kB
Committed_AS:    3221896 kB
VmallocTotal:   34359738367 kB
VmallocUsed:      354720 kB
VmallocChunk:   34359371316 kB
HardwareCorrupted:     0 kB
AnonHugePages:    673792 kB
HugePages_Total:       0
HugePages_Free:        0
HugePages_Rsvd:        0
HugePages_Surp:        0
Hugepagesize:       2048 kB
DirectMap4k:       81540 kB
DirectMap2M:     4005888 kB


CPU:total 2 (2 cores per cpu, 1 threads per core) family 6 model 23 stepping 10, cmov, cx8, fxsr, mmx, sse, sse2, sse3, ssse3, tsc

/proc/cpuinfo:
processor	: 0
vendor_id	: GenuineIntel
cpu family	: 6
model		: 23
model name	: Pentium(R) Dual-Core  CPU      E5800  @ 3.20GHz
stepping	: 10
microcode	: 0xa0b
cpu MHz		: 3200.000
cache size	: 2048 KB
physical id	: 0
siblings	: 2
core id		: 0
cpu cores	: 2
apicid		: 0
initial apicid	: 0
fpu		: yes
fpu_exception	: yes
cpuid level	: 13
wp		: yes
flags		: fpu vme de pse tsc msr pae mce cx8 apic sep mtrr pge mca cmov pat pse36 clflush dts acpi mmx fxsr sse sse2 ss ht tm pbe syscall nx lm constant_tsc arch_perfmon pebs bts rep_good nopl aperfmperf pni dtes64 monitor ds_cpl vmx est tm2 ssse3 cx16 xtpr pdcm xsave lahf_lm dtherm tpr_shadow vnmi flexpriority
bogomips	: 6383.96
clflush size	: 64
cache_alignment	: 64
address sizes	: 36 bits physical, 48 bits virtual
power management:

processor	: 1
vendor_id	: GenuineIntel
cpu family	: 6
model		: 23
model name	: Pentium(R) Dual-Core  CPU      E5800  @ 3.20GHz
stepping	: 10
microcode	: 0xa07
cpu MHz		: 3200.000
cache size	: 2048 KB
physical id	: 0
siblings	: 2
core id		: 1
cpu cores	: 2
apicid		: 1
initial apicid	: 1
fpu		: yes
fpu_exception	: yes
cpuid level	: 13
wp		: yes
flags		: fpu vme de pse tsc msr pae mce cx8 apic sep mtrr pge mca cmov pat pse36 clflush dts acpi mmx fxsr sse sse2 ss ht tm pbe syscall nx lm constant_tsc arch_perfmon pebs bts rep_good nopl aperfmperf pni dtes64 monitor ds_cpl vmx est tm2 ssse3 cx16 xtpr pdcm xsave lahf_lm dtherm tpr_shadow vnmi flexpriority
bogomips	: 6383.96
clflush size	: 64
cache_alignment	: 64
address sizes	: 36 bits physical, 48 bits virtual
power management:



Memory: 4k page, physical 3941220k(897824k free), swap 0k(0k free)

vm_info: OpenJDK 64-Bit Server VM (24.65-b04) for linux-amd64 JRE (1.7.0_65-b32), built on Aug  1 2014 21:58:28 by "buildd" with gcc 4.8.2

time: Tue Feb 17 11:05:04 2015
elapsed time: 0 seconds

