#
# A fatal error has been detected by the Java Runtime Environment:
#
#  Internal Error (javaClasses.cpp:139), pid=7330, tid=140273406781184
#  fatal error: Invalid layout of preloaded class
#
# JRE version:  (7.0_65-b32) (build )
# Java VM: OpenJDK 64-Bit Server VM (24.65-b04 mixed mode linux-amd64 compressed oops)
# Failed to write core dump. Core dumps have been disabled. To enable core dumping, try "ulimit -c unlimited" before starting Java again
#
# If you would like to submit a bug report, please include
# instructions on how to reproduce the bug and visit:
#   http://icedtea.classpath.org/bugzilla
#

---------------  T H R E A D  ---------------

Current thread (0x00007f93ec008000):  JavaThread "Unknown thread" [_thread_in_vm, id=7331, stack(0x00007f93f2852000,0x00007f93f2953000)]

Stack: [0x00007f93f2852000,0x00007f93f2953000],  sp=0x00007f93f2951900,  free space=1022k
Native frames: (J=compiled Java code, j=interpreted, Vv=VM code, C=native code)
V  [libjvm.so+0x948745]  VMError::report_and_die()+0x175
V  [libjvm.so+0x48b874]  report_fatal(char const*, int, char const*)+0x54
V  [libjvm.so+0x5e89b0]  compute_offset(int&, klassOopDesc*, Symbol*, Symbol*, bool) [clone .constprop.121]+0xc0
V  [libjvm.so+0x5e8a86]  java_lang_String::compute_offsets()+0x36
V  [libjvm.so+0x8ce2ac]  SystemDictionary::initialize_preloaded_classes(Thread*)+0xcc
V  [libjvm.so+0x919b98]  Universe::genesis(Thread*)+0x468
V  [libjvm.so+0x91a1a4]  universe2_init()+0x24
V  [libjvm.so+0x59cf6a]  init_globals()+0x9a
V  [libjvm.so+0x8fcf7f]  Threads::create_vm(JavaVMInitArgs*, bool*)+0x35f
V  [libjvm.so+0x608284]  JNI_CreateJavaVM+0x54
C  [libjli.so+0x2b48]


---------------  P R O C E S S  ---------------

Java Threads: ( => current thread )

Other Threads:

=>0x00007f93ec008000 (exited) JavaThread "Unknown thread" [_thread_in_vm, id=7331, stack(0x00007f93f2852000,0x00007f93f2953000)]

VM state:not at safepoint (not fully initialized)

VM Mutex/Monitor currently owned by a thread: None

GC Heap History (0 events):
No events

Deoptimization events (0 events):
No events

Internal exceptions (0 events):
No events

Events (10 events):
Event: 0.011 loading class 0x00007f93e606f6f0 done
Event: 0.011 loading class 0x00007f93e606f110 done
Event: 0.011 loading class 0x00007f93e606f0f0
Event: 0.011 loading class 0x00007f93e6077180
Event: 0.011 loading class 0x00007f93e6077180 done
Event: 0.011 loading class 0x00007f93e60771b0
Event: 0.011 loading class 0x00007f93e60771b0 done
Event: 0.011 loading class 0x00007f93e60771e0
Event: 0.011 loading class 0x00007f93e60771e0 done
Event: 0.012 loading class 0x00007f93e606f0f0 done


Dynamic libraries:
00400000-00401000 r-xp 00000000 08:02 1718309                            /usr/lib/jvm/java-7-openjdk-amd64/jre/bin/java
00600000-00601000 r--p 00000000 08:02 1718309                            /usr/lib/jvm/java-7-openjdk-amd64/jre/bin/java
00601000-00602000 rw-p 00001000 08:02 1718309                            /usr/lib/jvm/java-7-openjdk-amd64/jre/bin/java
01703000-01724000 rw-p 00000000 00:00 0                                  [heap]
b9600000-bab00000 rw-p 00000000 00:00 0 
bab00000-c3c00000 rw-p 00000000 00:00 0 
c3c00000-c6400000 rw-p 00000000 00:00 0 
c6400000-ebe80000 rw-p 00000000 00:00 0 
ebe80000-ed300000 rw-p 00000000 00:00 0 
ed300000-100000000 rw-p 00000000 00:00 0 
7f93d8000000-7f93d8021000 rw-p 00000000 00:00 0 
7f93d8021000-7f93dc000000 ---p 00000000 00:00 0 
7f93e0000000-7f93e0021000 rw-p 00000000 00:00 0 
7f93e0021000-7f93e4000000 ---p 00000000 00:00 0 
7f93e5ce8000-7f93e5f22000 rw-p 00000000 00:00 0 
7f93e5f22000-7f93e5ff9000 r--s 013fe000 08:02 73684252                   /usr/local/bin/adt-bundle-linux-x86-20140321/sdk/platforms/android-19/android.jar
7f93e5ff9000-7f93e864f000 rw-p 00000000 00:00 0 
7f93e864f000-7f93e8650000 ---p 00000000 00:00 0 
7f93e8650000-7f93e8750000 rw-p 00000000 00:00 0                          [stack:7333]
7f93e8750000-7f93e8751000 ---p 00000000 00:00 0 
7f93e8751000-7f93e8865000 rw-p 00000000 00:00 0                          [stack:7332]
7f93e8865000-7f93e8993000 rw-p 00000000 00:00 0 
7f93e8993000-7f93e899e000 rw-p 00000000 00:00 0 
7f93e899e000-7f93e89e6000 rw-p 00000000 00:00 0 
7f93e89e6000-7f93e89fa000 rw-p 00000000 00:00 0 
7f93e89fa000-7f93e8b27000 rw-p 00000000 00:00 0 
7f93e8b27000-7f93e8b32000 rw-p 00000000 00:00 0 
7f93e8b32000-7f93e8bc8000 rw-p 00000000 00:00 0 
7f93e8bc8000-7f93e8bc9000 rw-p 00000000 00:00 0 
7f93e8bc9000-7f93e8e39000 rwxp 00000000 00:00 0 
7f93e8e39000-7f93ebbc9000 rw-p 00000000 00:00 0 
7f93ebbc9000-7f93ebbd1000 r-xp 00000000 08:02 102454981                  /usr/lib/jvm/java-7-openjdk-amd64/jre/lib/amd64/libzip.so
7f93ebbd1000-7f93ebdd0000 ---p 00008000 08:02 102454981                  /usr/lib/jvm/java-7-openjdk-amd64/jre/lib/amd64/libzip.so
7f93ebdd0000-7f93ebdd1000 r--p 00007000 08:02 102454981                  /usr/lib/jvm/java-7-openjdk-amd64/jre/lib/amd64/libzip.so
7f93ebdd1000-7f93ebdd2000 rw-p 00008000 08:02 102454981                  /usr/lib/jvm/java-7-openjdk-amd64/jre/lib/amd64/libzip.so
7f93ebdd2000-7f93ebdfd000 r-xp 00000000 08:02 102454959                  /usr/lib/jvm/java-7-openjdk-amd64/jre/lib/amd64/libjava.so
7f93ebdfd000-7f93ebffd000 ---p 0002b000 08:02 102454959                  /usr/lib/jvm/java-7-openjdk-amd64/jre/lib/amd64/libjava.so
7f93ebffd000-7f93ebffe000 r--p 0002b000 08:02 102454959                  /usr/lib/jvm/java-7-openjdk-amd64/jre/lib/amd64/libjava.so
7f93ebffe000-7f93ec000000 rw-p 0002c000 08:02 102454959                  /usr/lib/jvm/java-7-openjdk-amd64/jre/lib/amd64/libjava.so
7f93ec000000-7f93ec050000 rw-p 00000000 00:00 0 
7f93ec050000-7f93f0000000 ---p 00000000 00:00 0 
7f93f0028000-7f93f0059000 rw-p 00000000 00:00 0 
7f93f0059000-7f93f010f000 rw-p 00000000 00:00 0 
7f93f010f000-7f93f011f000 r-xp 00000000 08:02 102454980                  /usr/lib/jvm/java-7-openjdk-amd64/jre/lib/amd64/libverify.so
7f93f011f000-7f93f031e000 ---p 00010000 08:02 102454980                  /usr/lib/jvm/java-7-openjdk-amd64/jre/lib/amd64/libverify.so
7f93f031e000-7f93f0320000 r--p 0000f000 08:02 102454980                  /usr/lib/jvm/java-7-openjdk-amd64/jre/lib/amd64/libverify.so
7f93f0320000-7f93f0321000 rw-p 00011000 08:02 102454980                  /usr/lib/jvm/java-7-openjdk-amd64/jre/lib/amd64/libverify.so
7f93f0321000-7f93f0328000 r-xp 00000000 08:02 33701673                   /lib/x86_64-linux-gnu/librt-2.19.so
7f93f0328000-7f93f0527000 ---p 00007000 08:02 33701673                   /lib/x86_64-linux-gnu/librt-2.19.so
7f93f0527000-7f93f0528000 r--p 00006000 08:02 33701673                   /lib/x86_64-linux-gnu/librt-2.19.so
7f93f0528000-7f93f0529000 rw-p 00007000 08:02 33701673                   /lib/x86_64-linux-gnu/librt-2.19.so
7f93f0529000-7f93f053f000 r-xp 00000000 08:02 33701583                   /lib/x86_64-linux-gnu/libgcc_s.so.1
7f93f053f000-7f93f073e000 ---p 00016000 08:02 33701583                   /lib/x86_64-linux-gnu/libgcc_s.so.1
7f93f073e000-7f93f073f000 rw-p 00015000 08:02 33701583                   /lib/x86_64-linux-gnu/libgcc_s.so.1
7f93f073f000-7f93f0844000 r-xp 00000000 08:02 33701596                   /lib/x86_64-linux-gnu/libm-2.19.so
7f93f0844000-7f93f0a43000 ---p 00105000 08:02 33701596                   /lib/x86_64-linux-gnu/libm-2.19.so
7f93f0a43000-7f93f0a44000 r--p 00104000 08:02 33701596                   /lib/x86_64-linux-gnu/libm-2.19.so
7f93f0a44000-7f93f0a45000 rw-p 00105000 08:02 33701596                   /lib/x86_64-linux-gnu/libm-2.19.so
7f93f0a45000-7f93f0b2b000 r-xp 00000000 08:02 38185801                   /usr/lib/x86_64-linux-gnu/libstdc++.so.6.0.19
7f93f0b2b000-7f93f0d2a000 ---p 000e6000 08:02 38185801                   /usr/lib/x86_64-linux-gnu/libstdc++.so.6.0.19
7f93f0d2a000-7f93f0d32000 r--p 000e5000 08:02 38185801                   /usr/lib/x86_64-linux-gnu/libstdc++.so.6.0.19
7f93f0d32000-7f93f0d34000 rw-p 000ed000 08:02 38185801                   /usr/lib/x86_64-linux-gnu/libstdc++.so.6.0.19
7f93f0d34000-7f93f0d49000 rw-p 00000000 00:00 0 
7f93f0d49000-7f93f185f000 r-xp 00000000 08:02 1718321                    /usr/lib/jvm/java-7-openjdk-amd64/jre/lib/amd64/server/libjvm.so
7f93f185f000-7f93f1a5e000 ---p 00b16000 08:02 1718321                    /usr/lib/jvm/java-7-openjdk-amd64/jre/lib/amd64/server/libjvm.so
7f93f1a5e000-7f93f1af8000 r--p 00b15000 08:02 1718321                    /usr/lib/jvm/java-7-openjdk-amd64/jre/lib/amd64/server/libjvm.so
7f93f1af8000-7f93f1b1b000 rw-p 00baf000 08:02 1718321                    /usr/lib/jvm/java-7-openjdk-amd64/jre/lib/amd64/server/libjvm.so
7f93f1b1b000-7f93f1b49000 rw-p 00000000 00:00 0 
7f93f1b49000-7f93f1b61000 r-xp 00000000 08:02 33701692                   /lib/x86_64-linux-gnu/libz.so.1.2.8
7f93f1b61000-7f93f1d60000 ---p 00018000 08:02 33701692                   /lib/x86_64-linux-gnu/libz.so.1.2.8
7f93f1d60000-7f93f1d61000 r--p 00017000 08:02 33701692                   /lib/x86_64-linux-gnu/libz.so.1.2.8
7f93f1d61000-7f93f1d62000 rw-p 00018000 08:02 33701692                   /lib/x86_64-linux-gnu/libz.so.1.2.8
7f93f1d62000-7f93f1d7b000 r-xp 00000000 08:02 33701669                   /lib/x86_64-linux-gnu/libpthread-2.19.so
7f93f1d7b000-7f93f1f7a000 ---p 00019000 08:02 33701669                   /lib/x86_64-linux-gnu/libpthread-2.19.so
7f93f1f7a000-7f93f1f7b000 r--p 00018000 08:02 33701669                   /lib/x86_64-linux-gnu/libpthread-2.19.so
7f93f1f7b000-7f93f1f7c000 rw-p 00019000 08:02 33701669                   /lib/x86_64-linux-gnu/libpthread-2.19.so
7f93f1f7c000-7f93f1f80000 rw-p 00000000 00:00 0 
7f93f1f80000-7f93f1f83000 r-xp 00000000 08:02 33701578                   /lib/x86_64-linux-gnu/libdl-2.19.so
7f93f1f83000-7f93f2182000 ---p 00003000 08:02 33701578                   /lib/x86_64-linux-gnu/libdl-2.19.so
7f93f2182000-7f93f2183000 r--p 00002000 08:02 33701578                   /lib/x86_64-linux-gnu/libdl-2.19.so
7f93f2183000-7f93f2184000 rw-p 00003000 08:02 33701578                   /lib/x86_64-linux-gnu/libdl-2.19.so
7f93f2184000-7f93f2340000 r-xp 00000000 08:02 33701569                   /lib/x86_64-linux-gnu/libc-2.19.so
7f93f2340000-7f93f253f000 ---p 001bc000 08:02 33701569                   /lib/x86_64-linux-gnu/libc-2.19.so
7f93f253f000-7f93f2543000 r--p 001bb000 08:02 33701569                   /lib/x86_64-linux-gnu/libc-2.19.so
7f93f2543000-7f93f2545000 rw-p 001bf000 08:02 33701569                   /lib/x86_64-linux-gnu/libc-2.19.so
7f93f2545000-7f93f254a000 rw-p 00000000 00:00 0 
7f93f254a000-7f93f2557000 r-xp 00000000 08:02 102454982                  /usr/lib/jvm/java-7-openjdk-amd64/jre/lib/amd64/jli/libjli.so
7f93f2557000-7f93f2756000 ---p 0000d000 08:02 102454982                  /usr/lib/jvm/java-7-openjdk-amd64/jre/lib/amd64/jli/libjli.so
7f93f2756000-7f93f2757000 r--p 0000c000 08:02 102454982                  /usr/lib/jvm/java-7-openjdk-amd64/jre/lib/amd64/jli/libjli.so
7f93f2757000-7f93f2758000 rw-p 0000d000 08:02 102454982                  /usr/lib/jvm/java-7-openjdk-amd64/jre/lib/amd64/jli/libjli.so
7f93f2758000-7f93f277b000 r-xp 00000000 08:02 33700854                   /lib/x86_64-linux-gnu/ld-2.19.so
7f93f278b000-7f93f27d5000 rw-p 00000000 00:00 0 
7f93f27d5000-7f93f281d000 rw-p 00000000 00:00 0 
7f93f281d000-7f93f2852000 r--s 00000000 08:02 67317726                   /var/cache/nscd/passwd
7f93f2852000-7f93f2855000 ---p 00000000 00:00 0 
7f93f2855000-7f93f2958000 rw-p 00000000 00:00 0                          [stack:7331]
7f93f296c000-7f93f296e000 rw-p 00000000 00:00 0 
7f93f296e000-7f93f2976000 rw-s 00000000 08:02 67317713                   /tmp/hsperfdata_E134756Z/7330
7f93f2976000-7f93f2977000 rw-p 00000000 00:00 0 
7f93f2977000-7f93f2978000 r--p 00000000 00:00 0 
7f93f2978000-7f93f297a000 rw-p 00000000 00:00 0 
7f93f297a000-7f93f297b000 r--p 00022000 08:02 33700854                   /lib/x86_64-linux-gnu/ld-2.19.so
7f93f297b000-7f93f297c000 rw-p 00023000 08:02 33700854                   /lib/x86_64-linux-gnu/ld-2.19.so
7f93f297c000-7f93f297d000 rw-p 00000000 00:00 0 
7fffb8660000-7fffb8681000 rw-p 00000000 00:00 0                          [stack]
7fffb86b3000-7fffb86b5000 r-xp 00000000 00:00 0                          [vdso]
ffffffffff600000-ffffffffff601000 r-xp 00000000 00:00 0                  [vsyscall]

VM Arguments:
jvm_args: -Dfile.encoding=UTF-8 -Xbootclasspath:/usr/local/bin/adt-bundle-linux-x86-20140321/sdk/platforms/android-19/android.jar 
java_command: com.hide_n_share.modele.application
Launcher Type: SUN_STANDARD

Environment Variables:
PATH=/usr/local/sbin:/usr/local/bin:/usr/sbin:/usr/bin:/sbin:/bin:/usr/games:/usr/local/games
SHELL=/bin/bash
DISPLAY=:0.0

Signal Handlers:
SIGSEGV: [libjvm.so+0x949220], sa_mask[0]=0x7ffbfeff, sa_flags=0x10000004
SIGBUS: [libjvm.so+0x949220], sa_mask[0]=0x7ffbfeff, sa_flags=0x10000004
SIGFPE: [libjvm.so+0x7c2e80], sa_mask[0]=0x7ffbfeff, sa_flags=0x10000004
SIGPIPE: [libjvm.so+0x7c2e80], sa_mask[0]=0x7ffbfeff, sa_flags=0x10000004
SIGXFSZ: [libjvm.so+0x7c2e80], sa_mask[0]=0x7ffbfeff, sa_flags=0x10000004
SIGILL: [libjvm.so+0x7c2e80], sa_mask[0]=0x7ffbfeff, sa_flags=0x10000004
SIGUSR1: SIG_DFL, sa_mask[0]=0x00000000, sa_flags=0x00000000
SIGUSR2: [libjvm.so+0x7c2d20], sa_mask[0]=0x00000004, sa_flags=0x10000004
SIGHUP: SIG_DFL, sa_mask[0]=0x00000000, sa_flags=0x00000000
SIGINT: SIG_DFL, sa_mask[0]=0x00000000, sa_flags=0x00000000
SIGTERM: SIG_DFL, sa_mask[0]=0x00000000, sa_flags=0x00000000
SIGQUIT: SIG_DFL, sa_mask[0]=0x00000000, sa_flags=0x00000000
SIGTRAP: SIG_DFL, sa_mask[0]=0x00000000, sa_flags=0x00000000


---------------  S Y S T E M  ---------------

OS:Ubuntu 14.04 (trusty)
uname:Linux 3.13.0-34-generic #60-Ubuntu SMP Wed Aug 13 15:45:27 UTC 2014 x86_64
libc:glibc 2.19 NPTL 2.19 
rlimit: STACK 8192k, CORE 0k, NPROC 30622, NOFILE 4096, AS infinity
load average:0.26 0.25 0.29

/proc/meminfo:
MemTotal:        3941220 kB
MemFree:          651524 kB
Buffers:             712 kB
Cached:          1730556 kB
SwapCached:            0 kB
Active:          2182672 kB
Inactive:         813612 kB
Active(anon):    1266136 kB
Inactive(anon):   150184 kB
Active(file):     916536 kB
Inactive(file):   663428 kB
Unevictable:          36 kB
Mlocked:              36 kB
SwapTotal:             0 kB
SwapFree:              0 kB
Dirty:               888 kB
Writeback:             0 kB
AnonPages:       1265200 kB
Mapped:           181368 kB
Shmem:            151164 kB
Slab:             154592 kB
SReclaimable:     123964 kB
SUnreclaim:        30628 kB
KernelStack:        2952 kB
PageTables:        25500 kB
NFS_Unstable:          0 kB
Bounce:                0 kB
WritebackTmp:          0 kB
CommitLimit:     1970608 kB
Committed_AS:    3160644 kB
VmallocTotal:   34359738367 kB
VmallocUsed:      354720 kB
VmallocChunk:   34359371316 kB
HardwareCorrupted:     0 kB
AnonHugePages:    659456 kB
HugePages_Total:       0
HugePages_Free:        0
HugePages_Rsvd:        0
HugePages_Surp:        0
Hugepagesize:       2048 kB
DirectMap4k:       81540 kB
DirectMap2M:     4005888 kB


CPU:total 2 (2 cores per cpu, 1 threads per core) family 6 model 23 stepping 10, cmov, cx8, fxsr, mmx, sse, sse2, sse3, ssse3, tsc

/proc/cpuinfo:
processor	: 0
vendor_id	: GenuineIntel
cpu family	: 6
model		: 23
model name	: Pentium(R) Dual-Core  CPU      E5800  @ 3.20GHz
stepping	: 10
microcode	: 0xa0b
cpu MHz		: 1200.000
cache size	: 2048 KB
physical id	: 0
siblings	: 2
core id		: 0
cpu cores	: 2
apicid		: 0
initial apicid	: 0
fpu		: yes
fpu_exception	: yes
cpuid level	: 13
wp		: yes
flags		: fpu vme de pse tsc msr pae mce cx8 apic sep mtrr pge mca cmov pat pse36 clflush dts acpi mmx fxsr sse sse2 ss ht tm pbe syscall nx lm constant_tsc arch_perfmon pebs bts rep_good nopl aperfmperf pni dtes64 monitor ds_cpl vmx est tm2 ssse3 cx16 xtpr pdcm xsave lahf_lm dtherm tpr_shadow vnmi flexpriority
bogomips	: 6383.96
clflush size	: 64
cache_alignment	: 64
address sizes	: 36 bits physical, 48 bits virtual
power management:

processor	: 1
vendor_id	: GenuineIntel
cpu family	: 6
model		: 23
model name	: Pentium(R) Dual-Core  CPU      E5800  @ 3.20GHz
stepping	: 10
microcode	: 0xa07
cpu MHz		: 3200.000
cache size	: 2048 KB
physical id	: 0
siblings	: 2
core id		: 1
cpu cores	: 2
apicid		: 1
initial apicid	: 1
fpu		: yes
fpu_exception	: yes
cpuid level	: 13
wp		: yes
flags		: fpu vme de pse tsc msr pae mce cx8 apic sep mtrr pge mca cmov pat pse36 clflush dts acpi mmx fxsr sse sse2 ss ht tm pbe syscall nx lm constant_tsc arch_perfmon pebs bts rep_good nopl aperfmperf pni dtes64 monitor ds_cpl vmx est tm2 ssse3 cx16 xtpr pdcm xsave lahf_lm dtherm tpr_shadow vnmi flexpriority
bogomips	: 6383.96
clflush size	: 64
cache_alignment	: 64
address sizes	: 36 bits physical, 48 bits virtual
power management:



Memory: 4k page, physical 3941220k(651524k free), swap 0k(0k free)

vm_info: OpenJDK 64-Bit Server VM (24.65-b04) for linux-amd64 JRE (1.7.0_65-b32), built on Aug  1 2014 21:58:28 by "buildd" with gcc 4.8.2

time: Tue Feb 17 11:02:02 2015
elapsed time: 0 seconds

